2023-09-10 10:12:52,424 INFO  - *****************************************************
2023-09-10 10:12:52,427 INFO  - *************** Verify Create Repo API *******************
2023-09-10 10:12:52,427 INFO  - *****************************************************
2023-09-10 10:12:53,163 INFO  - Post Request URI is - https://api.github.com
2023-09-10 10:12:53,163 INFO  - Resource Path is - /user/repos
2023-09-10 10:12:53,163 INFO  - Request Payload is - {
  "name" : "<name>",
  "description" : "<description>",
  "id" : null
}
2023-09-10 10:12:59,538 INFO  - Response of Post Request is - {"id":689524105,"node_id":"R_kgDOKRlNiQ","name":"-name-","full_name":"parmarahul11/-name-","private":false,"owner":{"login":"parmarahul11","id":143310260,"node_id":"U_kgDOCIq9tA","avatar_url":"https://avatars.githubusercontent.com/u/143310260?v=4","gravatar_id":"","url":"https://api.github.com/users/parmarahul11","html_url":"https://github.com/parmarahul11","followers_url":"https://api.github.com/users/parmarahul11/followers","following_url":"https://api.github.com/users/parmarahul11/following{/other_user}","gists_url":"https://api.github.com/users/parmarahul11/gists{/gist_id}","starred_url":"https://api.github.com/users/parmarahul11/starred{/owner}{/repo}","subscriptions_url":"https://api.github.com/users/parmarahul11/subscriptions","organizations_url":"https://api.github.com/users/parmarahul11/orgs","repos_url":"https://api.github.com/users/parmarahul11/repos","events_url":"https://api.github.com/users/parmarahul11/events{/privacy}","received_events_url":"https://api.github.com/users/parmarahul11/received_events","type":"User","site_admin":false},"html_url":"https://github.com/parmarahul11/-name-","description":"<description>","fork":false,"url":"https://api.github.com/repos/parmarahul11/-name-","forks_url":"https://api.github.com/repos/parmarahul11/-name-/forks","keys_url":"https://api.github.com/repos/parmarahul11/-name-/keys{/key_id}","collaborators_url":"https://api.github.com/repos/parmarahul11/-name-/collaborators{/collaborator}","teams_url":"https://api.github.com/repos/parmarahul11/-name-/teams","hooks_url":"https://api.github.com/repos/parmarahul11/-name-/hooks","issue_events_url":"https://api.github.com/repos/parmarahul11/-name-/issues/events{/number}","events_url":"https://api.github.com/repos/parmarahul11/-name-/events","assignees_url":"https://api.github.com/repos/parmarahul11/-name-/assignees{/user}","branches_url":"https://api.github.com/repos/parmarahul11/-name-/branches{/branch}","tags_url":"https://api.github.com/repos/parmarahul11/-name-/tags","blobs_url":"https://api.github.com/repos/parmarahul11/-name-/git/blobs{/sha}","git_tags_url":"https://api.github.com/repos/parmarahul11/-name-/git/tags{/sha}","git_refs_url":"https://api.github.com/repos/parmarahul11/-name-/git/refs{/sha}","trees_url":"https://api.github.com/repos/parmarahul11/-name-/git/trees{/sha}","statuses_url":"https://api.github.com/repos/parmarahul11/-name-/statuses/{sha}","languages_url":"https://api.github.com/repos/parmarahul11/-name-/languages","stargazers_url":"https://api.github.com/repos/parmarahul11/-name-/stargazers","contributors_url":"https://api.github.com/repos/parmarahul11/-name-/contributors","subscribers_url":"https://api.github.com/repos/parmarahul11/-name-/subscribers","subscription_url":"https://api.github.com/repos/parmarahul11/-name-/subscription","commits_url":"https://api.github.com/repos/parmarahul11/-name-/commits{/sha}","git_commits_url":"https://api.github.com/repos/parmarahul11/-name-/git/commits{/sha}","comments_url":"https://api.github.com/repos/parmarahul11/-name-/comments{/number}","issue_comment_url":"https://api.github.com/repos/parmarahul11/-name-/issues/comments{/number}","contents_url":"https://api.github.com/repos/parmarahul11/-name-/contents/{+path}","compare_url":"https://api.github.com/repos/parmarahul11/-name-/compare/{base}...{head}","merges_url":"https://api.github.com/repos/parmarahul11/-name-/merges","archive_url":"https://api.github.com/repos/parmarahul11/-name-/{archive_format}{/ref}","downloads_url":"https://api.github.com/repos/parmarahul11/-name-/downloads","issues_url":"https://api.github.com/repos/parmarahul11/-name-/issues{/number}","pulls_url":"https://api.github.com/repos/parmarahul11/-name-/pulls{/number}","milestones_url":"https://api.github.com/repos/parmarahul11/-name-/milestones{/number}","notifications_url":"https://api.github.com/repos/parmarahul11/-name-/notifications{?since,all,participating}","labels_url":"https://api.github.com/repos/parmarahul11/-name-/labels{/name}","releases_url":"https://api.github.com/repos/parmarahul11/-name-/releases{/id}","deployments_url":"https://api.github.com/repos/parmarahul11/-name-/deployments","created_at":"2023-09-10T04:42:59Z","updated_at":"2023-09-10T04:42:59Z","pushed_at":"2023-09-10T04:42:59Z","git_url":"git://github.com/parmarahul11/-name-.git","ssh_url":"git@github.com:parmarahul11/-name-.git","clone_url":"https://github.com/parmarahul11/-name-.git","svn_url":"https://github.com/parmarahul11/-name-","homepage":null,"size":0,"stargazers_count":0,"watchers_count":0,"language":null,"has_issues":true,"has_projects":true,"has_downloads":true,"has_wiki":true,"has_pages":false,"has_discussions":false,"forks_count":0,"mirror_url":null,"archived":false,"disabled":false,"open_issues_count":0,"license":null,"allow_forking":true,"is_template":false,"web_commit_signoff_required":false,"topics":[],"visibility":"public","forks":0,"open_issues":0,"watchers":0,"default_branch":"main","permissions":{"admin":true,"maintain":true,"push":true,"triage":true,"pull":true},"allow_squash_merge":true,"allow_merge_commit":true,"allow_rebase_merge":true,"allow_auto_merge":false,"delete_branch_on_merge":false,"allow_update_branch":false,"use_squash_pr_title_as_default":false,"squash_merge_commit_message":"COMMIT_MESSAGES","squash_merge_commit_title":"COMMIT_OR_PR_TITLE","merge_commit_message":"PR_TITLE","merge_commit_title":"MERGE_MESSAGE","network_count":0,"subscribers_count":0}
2023-09-10 10:12:59,561 INFO  - Status Code Varification is Done........
2023-09-10 10:19:17,606 INFO  - *****************************************************
2023-09-10 10:19:17,607 INFO  - *************** Verify Create Repo API *******************
2023-09-10 10:19:17,609 INFO  - *****************************************************
2023-09-10 10:19:18,322 INFO  - Post Request URI is - https://api.github.com
2023-09-10 10:19:18,322 INFO  - Resource Path is - /user/repos
2023-09-10 10:19:18,322 INFO  - Request Payload is - {
  "name" : "<name>",
  "description" : "<description>",
  "id" : null
}
2023-09-10 10:19:23,390 INFO  - Response of Post Request is - {"message":"Repository creation failed.","errors":[{"resource":"Repository","code":"custom","field":"name","message":"name already exists on this account"}],"documentation_url":"https://docs.github.com/rest/repos/repos#create-a-repository-for-the-authenticated-user"}
2023-09-10 10:19:23,507 INFO  - Delete Request URI is - https://api.github.com/repos/parmarahul11/null
2023-09-10 10:19:24,199 INFO  - Delete Request Response Code is - 404
2023-09-10 10:22:42,315 INFO  - *****************************************************
2023-09-10 10:22:42,316 INFO  - *************** Verify Create Repo API *******************
2023-09-10 10:22:42,316 INFO  - *****************************************************
2023-09-10 10:22:42,331 INFO  - Repo Name = <name>
2023-09-10 10:22:42,730 INFO  - Post Request URI is - https://api.github.com
2023-09-10 10:22:42,731 INFO  - Resource Path is - /user/repos
2023-09-10 10:22:42,732 INFO  - Request Payload is - {
  "name" : "<name>",
  "description" : "<description>",
  "id" : null
}
2023-09-10 10:22:47,210 INFO  - Response of Post Request is - {"id":689525862,"node_id":"R_kgDOKRlUZg","name":"-name-","full_name":"parmarahul11/-name-","private":false,"owner":{"login":"parmarahul11","id":143310260,"node_id":"U_kgDOCIq9tA","avatar_url":"https://avatars.githubusercontent.com/u/143310260?v=4","gravatar_id":"","url":"https://api.github.com/users/parmarahul11","html_url":"https://github.com/parmarahul11","followers_url":"https://api.github.com/users/parmarahul11/followers","following_url":"https://api.github.com/users/parmarahul11/following{/other_user}","gists_url":"https://api.github.com/users/parmarahul11/gists{/gist_id}","starred_url":"https://api.github.com/users/parmarahul11/starred{/owner}{/repo}","subscriptions_url":"https://api.github.com/users/parmarahul11/subscriptions","organizations_url":"https://api.github.com/users/parmarahul11/orgs","repos_url":"https://api.github.com/users/parmarahul11/repos","events_url":"https://api.github.com/users/parmarahul11/events{/privacy}","received_events_url":"https://api.github.com/users/parmarahul11/received_events","type":"User","site_admin":false},"html_url":"https://github.com/parmarahul11/-name-","description":"<description>","fork":false,"url":"https://api.github.com/repos/parmarahul11/-name-","forks_url":"https://api.github.com/repos/parmarahul11/-name-/forks","keys_url":"https://api.github.com/repos/parmarahul11/-name-/keys{/key_id}","collaborators_url":"https://api.github.com/repos/parmarahul11/-name-/collaborators{/collaborator}","teams_url":"https://api.github.com/repos/parmarahul11/-name-/teams","hooks_url":"https://api.github.com/repos/parmarahul11/-name-/hooks","issue_events_url":"https://api.github.com/repos/parmarahul11/-name-/issues/events{/number}","events_url":"https://api.github.com/repos/parmarahul11/-name-/events","assignees_url":"https://api.github.com/repos/parmarahul11/-name-/assignees{/user}","branches_url":"https://api.github.com/repos/parmarahul11/-name-/branches{/branch}","tags_url":"https://api.github.com/repos/parmarahul11/-name-/tags","blobs_url":"https://api.github.com/repos/parmarahul11/-name-/git/blobs{/sha}","git_tags_url":"https://api.github.com/repos/parmarahul11/-name-/git/tags{/sha}","git_refs_url":"https://api.github.com/repos/parmarahul11/-name-/git/refs{/sha}","trees_url":"https://api.github.com/repos/parmarahul11/-name-/git/trees{/sha}","statuses_url":"https://api.github.com/repos/parmarahul11/-name-/statuses/{sha}","languages_url":"https://api.github.com/repos/parmarahul11/-name-/languages","stargazers_url":"https://api.github.com/repos/parmarahul11/-name-/stargazers","contributors_url":"https://api.github.com/repos/parmarahul11/-name-/contributors","subscribers_url":"https://api.github.com/repos/parmarahul11/-name-/subscribers","subscription_url":"https://api.github.com/repos/parmarahul11/-name-/subscription","commits_url":"https://api.github.com/repos/parmarahul11/-name-/commits{/sha}","git_commits_url":"https://api.github.com/repos/parmarahul11/-name-/git/commits{/sha}","comments_url":"https://api.github.com/repos/parmarahul11/-name-/comments{/number}","issue_comment_url":"https://api.github.com/repos/parmarahul11/-name-/issues/comments{/number}","contents_url":"https://api.github.com/repos/parmarahul11/-name-/contents/{+path}","compare_url":"https://api.github.com/repos/parmarahul11/-name-/compare/{base}...{head}","merges_url":"https://api.github.com/repos/parmarahul11/-name-/merges","archive_url":"https://api.github.com/repos/parmarahul11/-name-/{archive_format}{/ref}","downloads_url":"https://api.github.com/repos/parmarahul11/-name-/downloads","issues_url":"https://api.github.com/repos/parmarahul11/-name-/issues{/number}","pulls_url":"https://api.github.com/repos/parmarahul11/-name-/pulls{/number}","milestones_url":"https://api.github.com/repos/parmarahul11/-name-/milestones{/number}","notifications_url":"https://api.github.com/repos/parmarahul11/-name-/notifications{?since,all,participating}","labels_url":"https://api.github.com/repos/parmarahul11/-name-/labels{/name}","releases_url":"https://api.github.com/repos/parmarahul11/-name-/releases{/id}","deployments_url":"https://api.github.com/repos/parmarahul11/-name-/deployments","created_at":"2023-09-10T04:52:46Z","updated_at":"2023-09-10T04:52:47Z","pushed_at":"2023-09-10T04:52:47Z","git_url":"git://github.com/parmarahul11/-name-.git","ssh_url":"git@github.com:parmarahul11/-name-.git","clone_url":"https://github.com/parmarahul11/-name-.git","svn_url":"https://github.com/parmarahul11/-name-","homepage":null,"size":0,"stargazers_count":0,"watchers_count":0,"language":null,"has_issues":true,"has_projects":true,"has_downloads":true,"has_wiki":true,"has_pages":false,"has_discussions":false,"forks_count":0,"mirror_url":null,"archived":false,"disabled":false,"open_issues_count":0,"license":null,"allow_forking":true,"is_template":false,"web_commit_signoff_required":false,"topics":[],"visibility":"public","forks":0,"open_issues":0,"watchers":0,"default_branch":"main","permissions":{"admin":true,"maintain":true,"push":true,"triage":true,"pull":true},"allow_squash_merge":true,"allow_merge_commit":true,"allow_rebase_merge":true,"allow_auto_merge":false,"delete_branch_on_merge":false,"allow_update_branch":false,"use_squash_pr_title_as_default":false,"squash_merge_commit_message":"COMMIT_MESSAGES","squash_merge_commit_title":"COMMIT_OR_PR_TITLE","merge_commit_message":"PR_TITLE","merge_commit_title":"MERGE_MESSAGE","network_count":0,"subscribers_count":1}
2023-09-10 10:22:47,251 INFO  - Status Code Varification is Done........
2023-09-10 10:22:48,312 INFO  - Delete Request URI is - https://api.github.com/repos/parmarahul11/null
2023-09-10 10:22:48,965 INFO  - Delete Request Response Code is - 404
2023-09-10 10:29:33,601 INFO  - *****************************************************
2023-09-10 10:29:33,602 INFO  - *************** Verify Create Repo API *******************
2023-09-10 10:29:33,602 INFO  - *****************************************************
2023-09-10 10:29:33,643 INFO  - Delete Request URI is - https://api.github.com/repos/parmarahul11/null
2023-09-10 10:29:38,266 INFO  - Delete Request Response Code is - 404
2023-09-10 10:52:27,757 INFO  - *****************************************************
2023-09-10 10:52:27,757 INFO  - *************** Verify Create Repo API *******************
2023-09-10 10:52:27,758 INFO  - *****************************************************
2023-09-10 10:52:27,775 INFO  - Repo Name = <name>
2023-09-10 10:52:28,206 INFO  - Post Request URI is - https://api.github.com
2023-09-10 10:52:28,206 INFO  - Resource Path is - /user/repos
2023-09-10 10:52:28,207 INFO  - Request Payload is - {
  "name" : "<name>",
  "description" : "<description>",
  "id" : null
}
2023-09-10 10:52:32,555 INFO  - Response of Post Request is - {"id":689531483,"node_id":"R_kgDOKRlqWw","name":"-name-","full_name":"parmarahul11/-name-","private":false,"owner":{"login":"parmarahul11","id":143310260,"node_id":"U_kgDOCIq9tA","avatar_url":"https://avatars.githubusercontent.com/u/143310260?v=4","gravatar_id":"","url":"https://api.github.com/users/parmarahul11","html_url":"https://github.com/parmarahul11","followers_url":"https://api.github.com/users/parmarahul11/followers","following_url":"https://api.github.com/users/parmarahul11/following{/other_user}","gists_url":"https://api.github.com/users/parmarahul11/gists{/gist_id}","starred_url":"https://api.github.com/users/parmarahul11/starred{/owner}{/repo}","subscriptions_url":"https://api.github.com/users/parmarahul11/subscriptions","organizations_url":"https://api.github.com/users/parmarahul11/orgs","repos_url":"https://api.github.com/users/parmarahul11/repos","events_url":"https://api.github.com/users/parmarahul11/events{/privacy}","received_events_url":"https://api.github.com/users/parmarahul11/received_events","type":"User","site_admin":false},"html_url":"https://github.com/parmarahul11/-name-","description":"<description>","fork":false,"url":"https://api.github.com/repos/parmarahul11/-name-","forks_url":"https://api.github.com/repos/parmarahul11/-name-/forks","keys_url":"https://api.github.com/repos/parmarahul11/-name-/keys{/key_id}","collaborators_url":"https://api.github.com/repos/parmarahul11/-name-/collaborators{/collaborator}","teams_url":"https://api.github.com/repos/parmarahul11/-name-/teams","hooks_url":"https://api.github.com/repos/parmarahul11/-name-/hooks","issue_events_url":"https://api.github.com/repos/parmarahul11/-name-/issues/events{/number}","events_url":"https://api.github.com/repos/parmarahul11/-name-/events","assignees_url":"https://api.github.com/repos/parmarahul11/-name-/assignees{/user}","branches_url":"https://api.github.com/repos/parmarahul11/-name-/branches{/branch}","tags_url":"https://api.github.com/repos/parmarahul11/-name-/tags","blobs_url":"https://api.github.com/repos/parmarahul11/-name-/git/blobs{/sha}","git_tags_url":"https://api.github.com/repos/parmarahul11/-name-/git/tags{/sha}","git_refs_url":"https://api.github.com/repos/parmarahul11/-name-/git/refs{/sha}","trees_url":"https://api.github.com/repos/parmarahul11/-name-/git/trees{/sha}","statuses_url":"https://api.github.com/repos/parmarahul11/-name-/statuses/{sha}","languages_url":"https://api.github.com/repos/parmarahul11/-name-/languages","stargazers_url":"https://api.github.com/repos/parmarahul11/-name-/stargazers","contributors_url":"https://api.github.com/repos/parmarahul11/-name-/contributors","subscribers_url":"https://api.github.com/repos/parmarahul11/-name-/subscribers","subscription_url":"https://api.github.com/repos/parmarahul11/-name-/subscription","commits_url":"https://api.github.com/repos/parmarahul11/-name-/commits{/sha}","git_commits_url":"https://api.github.com/repos/parmarahul11/-name-/git/commits{/sha}","comments_url":"https://api.github.com/repos/parmarahul11/-name-/comments{/number}","issue_comment_url":"https://api.github.com/repos/parmarahul11/-name-/issues/comments{/number}","contents_url":"https://api.github.com/repos/parmarahul11/-name-/contents/{+path}","compare_url":"https://api.github.com/repos/parmarahul11/-name-/compare/{base}...{head}","merges_url":"https://api.github.com/repos/parmarahul11/-name-/merges","archive_url":"https://api.github.com/repos/parmarahul11/-name-/{archive_format}{/ref}","downloads_url":"https://api.github.com/repos/parmarahul11/-name-/downloads","issues_url":"https://api.github.com/repos/parmarahul11/-name-/issues{/number}","pulls_url":"https://api.github.com/repos/parmarahul11/-name-/pulls{/number}","milestones_url":"https://api.github.com/repos/parmarahul11/-name-/milestones{/number}","notifications_url":"https://api.github.com/repos/parmarahul11/-name-/notifications{?since,all,participating}","labels_url":"https://api.github.com/repos/parmarahul11/-name-/labels{/name}","releases_url":"https://api.github.com/repos/parmarahul11/-name-/releases{/id}","deployments_url":"https://api.github.com/repos/parmarahul11/-name-/deployments","created_at":"2023-09-10T05:22:32Z","updated_at":"2023-09-10T05:22:32Z","pushed_at":"2023-09-10T05:22:32Z","git_url":"git://github.com/parmarahul11/-name-.git","ssh_url":"git@github.com:parmarahul11/-name-.git","clone_url":"https://github.com/parmarahul11/-name-.git","svn_url":"https://github.com/parmarahul11/-name-","homepage":null,"size":0,"stargazers_count":0,"watchers_count":0,"language":null,"has_issues":true,"has_projects":true,"has_downloads":true,"has_wiki":true,"has_pages":false,"has_discussions":false,"forks_count":0,"mirror_url":null,"archived":false,"disabled":false,"open_issues_count":0,"license":null,"allow_forking":true,"is_template":false,"web_commit_signoff_required":false,"topics":[],"visibility":"public","forks":0,"open_issues":0,"watchers":0,"default_branch":"main","permissions":{"admin":true,"maintain":true,"push":true,"triage":true,"pull":true},"allow_squash_merge":true,"allow_merge_commit":true,"allow_rebase_merge":true,"allow_auto_merge":false,"delete_branch_on_merge":false,"allow_update_branch":false,"use_squash_pr_title_as_default":false,"squash_merge_commit_message":"COMMIT_MESSAGES","squash_merge_commit_title":"COMMIT_OR_PR_TITLE","merge_commit_message":"PR_TITLE","merge_commit_title":"MERGE_MESSAGE","network_count":0,"subscribers_count":0}
2023-09-10 10:52:32,596 INFO  - Status Code Varification is Done........
2023-09-10 11:45:51,354 INFO  - *****************************************************
2023-09-10 11:45:51,355 INFO  - *************** Verify Create Repo API *******************
2023-09-10 11:45:51,355 INFO  - *****************************************************
2023-09-10 11:45:51,797 INFO  - Post Request URI is - https://api.github.com
2023-09-10 11:45:51,798 INFO  - Resource Path is - /user/repos
2023-09-10 11:45:51,799 INFO  - Request Payload is - {
  "name" : "<name>",
  "description" : "<description>",
  "id" : null
}
2023-09-10 11:45:56,227 INFO  - Response of Post Request is - {"id":689541778,"node_id":"R_kgDOKRmSkg","name":"-name-","full_name":"parmarahul11/-name-","private":false,"owner":{"login":"parmarahul11","id":143310260,"node_id":"U_kgDOCIq9tA","avatar_url":"https://avatars.githubusercontent.com/u/143310260?v=4","gravatar_id":"","url":"https://api.github.com/users/parmarahul11","html_url":"https://github.com/parmarahul11","followers_url":"https://api.github.com/users/parmarahul11/followers","following_url":"https://api.github.com/users/parmarahul11/following{/other_user}","gists_url":"https://api.github.com/users/parmarahul11/gists{/gist_id}","starred_url":"https://api.github.com/users/parmarahul11/starred{/owner}{/repo}","subscriptions_url":"https://api.github.com/users/parmarahul11/subscriptions","organizations_url":"https://api.github.com/users/parmarahul11/orgs","repos_url":"https://api.github.com/users/parmarahul11/repos","events_url":"https://api.github.com/users/parmarahul11/events{/privacy}","received_events_url":"https://api.github.com/users/parmarahul11/received_events","type":"User","site_admin":false},"html_url":"https://github.com/parmarahul11/-name-","description":"<description>","fork":false,"url":"https://api.github.com/repos/parmarahul11/-name-","forks_url":"https://api.github.com/repos/parmarahul11/-name-/forks","keys_url":"https://api.github.com/repos/parmarahul11/-name-/keys{/key_id}","collaborators_url":"https://api.github.com/repos/parmarahul11/-name-/collaborators{/collaborator}","teams_url":"https://api.github.com/repos/parmarahul11/-name-/teams","hooks_url":"https://api.github.com/repos/parmarahul11/-name-/hooks","issue_events_url":"https://api.github.com/repos/parmarahul11/-name-/issues/events{/number}","events_url":"https://api.github.com/repos/parmarahul11/-name-/events","assignees_url":"https://api.github.com/repos/parmarahul11/-name-/assignees{/user}","branches_url":"https://api.github.com/repos/parmarahul11/-name-/branches{/branch}","tags_url":"https://api.github.com/repos/parmarahul11/-name-/tags","blobs_url":"https://api.github.com/repos/parmarahul11/-name-/git/blobs{/sha}","git_tags_url":"https://api.github.com/repos/parmarahul11/-name-/git/tags{/sha}","git_refs_url":"https://api.github.com/repos/parmarahul11/-name-/git/refs{/sha}","trees_url":"https://api.github.com/repos/parmarahul11/-name-/git/trees{/sha}","statuses_url":"https://api.github.com/repos/parmarahul11/-name-/statuses/{sha}","languages_url":"https://api.github.com/repos/parmarahul11/-name-/languages","stargazers_url":"https://api.github.com/repos/parmarahul11/-name-/stargazers","contributors_url":"https://api.github.com/repos/parmarahul11/-name-/contributors","subscribers_url":"https://api.github.com/repos/parmarahul11/-name-/subscribers","subscription_url":"https://api.github.com/repos/parmarahul11/-name-/subscription","commits_url":"https://api.github.com/repos/parmarahul11/-name-/commits{/sha}","git_commits_url":"https://api.github.com/repos/parmarahul11/-name-/git/commits{/sha}","comments_url":"https://api.github.com/repos/parmarahul11/-name-/comments{/number}","issue_comment_url":"https://api.github.com/repos/parmarahul11/-name-/issues/comments{/number}","contents_url":"https://api.github.com/repos/parmarahul11/-name-/contents/{+path}","compare_url":"https://api.github.com/repos/parmarahul11/-name-/compare/{base}...{head}","merges_url":"https://api.github.com/repos/parmarahul11/-name-/merges","archive_url":"https://api.github.com/repos/parmarahul11/-name-/{archive_format}{/ref}","downloads_url":"https://api.github.com/repos/parmarahul11/-name-/downloads","issues_url":"https://api.github.com/repos/parmarahul11/-name-/issues{/number}","pulls_url":"https://api.github.com/repos/parmarahul11/-name-/pulls{/number}","milestones_url":"https://api.github.com/repos/parmarahul11/-name-/milestones{/number}","notifications_url":"https://api.github.com/repos/parmarahul11/-name-/notifications{?since,all,participating}","labels_url":"https://api.github.com/repos/parmarahul11/-name-/labels{/name}","releases_url":"https://api.github.com/repos/parmarahul11/-name-/releases{/id}","deployments_url":"https://api.github.com/repos/parmarahul11/-name-/deployments","created_at":"2023-09-10T06:15:56Z","updated_at":"2023-09-10T06:15:56Z","pushed_at":"2023-09-10T06:15:56Z","git_url":"git://github.com/parmarahul11/-name-.git","ssh_url":"git@github.com:parmarahul11/-name-.git","clone_url":"https://github.com/parmarahul11/-name-.git","svn_url":"https://github.com/parmarahul11/-name-","homepage":null,"size":0,"stargazers_count":0,"watchers_count":0,"language":null,"has_issues":true,"has_projects":true,"has_downloads":true,"has_wiki":true,"has_pages":false,"has_discussions":false,"forks_count":0,"mirror_url":null,"archived":false,"disabled":false,"open_issues_count":0,"license":null,"allow_forking":true,"is_template":false,"web_commit_signoff_required":false,"topics":[],"visibility":"public","forks":0,"open_issues":0,"watchers":0,"default_branch":"main","permissions":{"admin":true,"maintain":true,"push":true,"triage":true,"pull":true},"allow_squash_merge":true,"allow_merge_commit":true,"allow_rebase_merge":true,"allow_auto_merge":false,"delete_branch_on_merge":false,"allow_update_branch":false,"use_squash_pr_title_as_default":false,"squash_merge_commit_message":"COMMIT_MESSAGES","squash_merge_commit_title":"COMMIT_OR_PR_TITLE","merge_commit_message":"PR_TITLE","merge_commit_title":"MERGE_MESSAGE","network_count":0,"subscribers_count":0}
2023-09-10 11:45:56,237 INFO  - Status Code Varification is Done........
2023-09-10 11:45:57,310 INFO  - Delete function reponame - null
2023-09-10 11:45:57,313 INFO  - Delete Request URI is - https://api.github.com/repos/parmarahul11/null
2023-09-10 11:45:58,095 INFO  - Delete Request Response Code is - 404
2023-09-10 12:14:16,859 INFO  - *****************************************************
2023-09-10 12:14:16,859 INFO  - *************** Verify Create Repo API *******************
2023-09-10 12:14:16,860 INFO  - *****************************************************
2023-09-10 12:14:17,490 INFO  - Post Request URI is - https://api.github.com
2023-09-10 12:14:17,492 INFO  - Resource Path is - /user/repos
2023-09-10 12:14:17,493 INFO  - Request Payload is - {
  "name" : "<name>",
  "description" : "<description>",
  "id" : null
}
2023-09-10 12:14:22,479 INFO  - Response of Post Request is - {"message":"Repository creation failed.","errors":[{"resource":"Repository","code":"custom","field":"name","message":"name already exists on this account"}],"documentation_url":"https://docs.github.com/rest/repos/repos#create-a-repository-for-the-authenticated-user"}
2023-09-10 12:14:22,613 INFO  - Delete function reponame - null
2023-09-10 12:14:22,613 INFO  - Delete Request URI is - https://api.github.com/repos/parmarahul11/null
2023-09-10 12:14:23,287 INFO  - Delete Request Response Code is - 404
2023-09-11 10:54:15,421 INFO  - *****************************************************
2023-09-11 10:54:15,421 INFO  - *************** Verify Create Repo API *******************
2023-09-11 10:54:15,421 INFO  - *****************************************************
2023-09-11 10:54:16,107 INFO  - Post Request URI is - https://api.github.com
2023-09-11 10:54:16,108 INFO  - Resource Path is - /user/repos
2023-09-11 10:54:16,109 INFO  - Request Payload is - {
  "name" : "<name>",
  "description" : "<description>",
  "id" : null
}
2023-09-11 10:54:23,160 INFO  - Response of Post Request is - {"message":"Repository creation failed.","errors":[{"resource":"Repository","code":"custom","field":"name","message":"name already exists on this account"}],"documentation_url":"https://docs.github.com/rest/repos/repos#create-a-repository-for-the-authenticated-user"}
2023-09-11 10:54:23,645 INFO  - Delete function reponame - null
2023-09-11 10:54:23,645 INFO  - Delete Request URI is - https://api.github.com/repos/parmarahul11/null
2023-09-11 10:54:25,058 INFO  - Delete Request Response Code is - 404
2023-09-11 11:05:49,253 INFO  - *****************************************************
2023-09-11 11:05:49,254 INFO  - *************** Verify Create Repo API *******************
2023-09-11 11:05:49,254 INFO  - *****************************************************
2023-09-11 11:05:49,695 INFO  - Post Request URI is - https://api.github.com
2023-09-11 11:05:49,695 INFO  - Resource Path is - /user/repos
2023-09-11 11:05:49,695 INFO  - Request Payload is - {
  "name" : "<name>",
  "description" : "<description>",
  "id" : null
}
2023-09-11 11:05:53,243 INFO  - Response of Post Request is - {"id":689883194,"node_id":"R_kgDOKR7IOg","name":"-name-","full_name":"parmarahul11/-name-","private":false,"owner":{"login":"parmarahul11","id":143310260,"node_id":"U_kgDOCIq9tA","avatar_url":"https://avatars.githubusercontent.com/u/143310260?v=4","gravatar_id":"","url":"https://api.github.com/users/parmarahul11","html_url":"https://github.com/parmarahul11","followers_url":"https://api.github.com/users/parmarahul11/followers","following_url":"https://api.github.com/users/parmarahul11/following{/other_user}","gists_url":"https://api.github.com/users/parmarahul11/gists{/gist_id}","starred_url":"https://api.github.com/users/parmarahul11/starred{/owner}{/repo}","subscriptions_url":"https://api.github.com/users/parmarahul11/subscriptions","organizations_url":"https://api.github.com/users/parmarahul11/orgs","repos_url":"https://api.github.com/users/parmarahul11/repos","events_url":"https://api.github.com/users/parmarahul11/events{/privacy}","received_events_url":"https://api.github.com/users/parmarahul11/received_events","type":"User","site_admin":false},"html_url":"https://github.com/parmarahul11/-name-","description":"<description>","fork":false,"url":"https://api.github.com/repos/parmarahul11/-name-","forks_url":"https://api.github.com/repos/parmarahul11/-name-/forks","keys_url":"https://api.github.com/repos/parmarahul11/-name-/keys{/key_id}","collaborators_url":"https://api.github.com/repos/parmarahul11/-name-/collaborators{/collaborator}","teams_url":"https://api.github.com/repos/parmarahul11/-name-/teams","hooks_url":"https://api.github.com/repos/parmarahul11/-name-/hooks","issue_events_url":"https://api.github.com/repos/parmarahul11/-name-/issues/events{/number}","events_url":"https://api.github.com/repos/parmarahul11/-name-/events","assignees_url":"https://api.github.com/repos/parmarahul11/-name-/assignees{/user}","branches_url":"https://api.github.com/repos/parmarahul11/-name-/branches{/branch}","tags_url":"https://api.github.com/repos/parmarahul11/-name-/tags","blobs_url":"https://api.github.com/repos/parmarahul11/-name-/git/blobs{/sha}","git_tags_url":"https://api.github.com/repos/parmarahul11/-name-/git/tags{/sha}","git_refs_url":"https://api.github.com/repos/parmarahul11/-name-/git/refs{/sha}","trees_url":"https://api.github.com/repos/parmarahul11/-name-/git/trees{/sha}","statuses_url":"https://api.github.com/repos/parmarahul11/-name-/statuses/{sha}","languages_url":"https://api.github.com/repos/parmarahul11/-name-/languages","stargazers_url":"https://api.github.com/repos/parmarahul11/-name-/stargazers","contributors_url":"https://api.github.com/repos/parmarahul11/-name-/contributors","subscribers_url":"https://api.github.com/repos/parmarahul11/-name-/subscribers","subscription_url":"https://api.github.com/repos/parmarahul11/-name-/subscription","commits_url":"https://api.github.com/repos/parmarahul11/-name-/commits{/sha}","git_commits_url":"https://api.github.com/repos/parmarahul11/-name-/git/commits{/sha}","comments_url":"https://api.github.com/repos/parmarahul11/-name-/comments{/number}","issue_comment_url":"https://api.github.com/repos/parmarahul11/-name-/issues/comments{/number}","contents_url":"https://api.github.com/repos/parmarahul11/-name-/contents/{+path}","compare_url":"https://api.github.com/repos/parmarahul11/-name-/compare/{base}...{head}","merges_url":"https://api.github.com/repos/parmarahul11/-name-/merges","archive_url":"https://api.github.com/repos/parmarahul11/-name-/{archive_format}{/ref}","downloads_url":"https://api.github.com/repos/parmarahul11/-name-/downloads","issues_url":"https://api.github.com/repos/parmarahul11/-name-/issues{/number}","pulls_url":"https://api.github.com/repos/parmarahul11/-name-/pulls{/number}","milestones_url":"https://api.github.com/repos/parmarahul11/-name-/milestones{/number}","notifications_url":"https://api.github.com/repos/parmarahul11/-name-/notifications{?since,all,participating}","labels_url":"https://api.github.com/repos/parmarahul11/-name-/labels{/name}","releases_url":"https://api.github.com/repos/parmarahul11/-name-/releases{/id}","deployments_url":"https://api.github.com/repos/parmarahul11/-name-/deployments","created_at":"2023-09-11T05:35:53Z","updated_at":"2023-09-11T05:35:54Z","pushed_at":"2023-09-11T05:35:54Z","git_url":"git://github.com/parmarahul11/-name-.git","ssh_url":"git@github.com:parmarahul11/-name-.git","clone_url":"https://github.com/parmarahul11/-name-.git","svn_url":"https://github.com/parmarahul11/-name-","homepage":null,"size":0,"stargazers_count":0,"watchers_count":0,"language":null,"has_issues":true,"has_projects":true,"has_downloads":true,"has_wiki":true,"has_pages":false,"has_discussions":false,"forks_count":0,"mirror_url":null,"archived":false,"disabled":false,"open_issues_count":0,"license":null,"allow_forking":true,"is_template":false,"web_commit_signoff_required":false,"topics":[],"visibility":"public","forks":0,"open_issues":0,"watchers":0,"default_branch":"main","permissions":{"admin":true,"maintain":true,"push":true,"triage":true,"pull":true},"allow_squash_merge":true,"allow_merge_commit":true,"allow_rebase_merge":true,"allow_auto_merge":false,"delete_branch_on_merge":false,"allow_update_branch":false,"use_squash_pr_title_as_default":false,"squash_merge_commit_message":"COMMIT_MESSAGES","squash_merge_commit_title":"COMMIT_OR_PR_TITLE","merge_commit_message":"PR_TITLE","merge_commit_title":"MERGE_MESSAGE","network_count":0,"subscribers_count":0}
2023-09-11 11:05:53,259 INFO  - Status Code Varification is Done........
2023-09-11 11:05:53,290 INFO  - Delete function reponame - null
2023-09-11 11:05:53,292 INFO  - Delete Request URI is - https://api.github.com/repos/parmarahul11/null
2023-09-11 11:05:53,939 INFO  - Delete Request Response Code is - 404
2023-09-11 11:08:23,337 INFO  - *****************************************************
2023-09-11 11:08:23,338 INFO  - *************** Verify Create Repo API *******************
2023-09-11 11:08:23,338 INFO  - *****************************************************
2023-09-11 11:08:23,768 INFO  - Post Request URI is - https://api.github.com
2023-09-11 11:08:23,769 INFO  - Resource Path is - /user/repos
2023-09-11 11:08:23,770 INFO  - Request Payload is - {
  "name" : "<name>",
  "description" : "<description>",
  "id" : null
}
2023-09-11 11:08:27,793 INFO  - Response of Post Request is - {"message":"Repository creation failed.","errors":[{"resource":"Repository","code":"custom","field":"name","message":"name already exists on this account"}],"documentation_url":"https://docs.github.com/rest/repos/repos#create-a-repository-for-the-authenticated-user"}
2023-09-11 11:08:27,859 INFO  - Delete function reponame - null
2023-09-11 11:08:27,864 INFO  - Delete Request URI is - https://api.github.com/repos/parmarahul11/null
2023-09-11 11:08:28,527 INFO  - Delete Request Response Code is - 404
2023-09-11 11:10:08,880 INFO  - *****************************************************
2023-09-11 11:10:08,886 INFO  - *************** Verify Create Repo API *******************
2023-09-11 11:10:08,886 INFO  - *****************************************************
2023-09-11 11:10:08,944 INFO  - Delete function reponame - null
2023-09-11 11:10:08,945 INFO  - Delete Request URI is - https://api.github.com/repos/parmarahul11/null
2023-09-11 11:10:11,913 INFO  - Delete Request Response Code is - 404
2023-09-11 11:19:20,553 INFO  - *****************************************************
2023-09-11 11:19:20,556 INFO  - *************** Verify Create Repo API *******************
2023-09-11 11:19:20,556 INFO  - *****************************************************
2023-09-11 11:19:20,604 INFO  - Delete function reponame - null
2023-09-11 11:19:20,604 INFO  - Delete Request URI is - https://api.github.com/repos/parmarahul11/null
2023-09-11 11:19:23,369 INFO  - Delete Request Response Code is - 404
2023-09-11 11:23:38,937 INFO  - *****************************************************
2023-09-11 11:23:38,938 INFO  - *************** Verify Create Repo API *******************
2023-09-11 11:23:38,938 INFO  - *****************************************************
2023-09-11 11:23:38,974 INFO  - Delete function reponame - null
2023-09-11 11:23:38,974 INFO  - Delete Request URI is - https://api.github.com/repos/parmarahul11/null
2023-09-11 11:23:41,752 INFO  - Delete Request Response Code is - 404
2023-09-11 12:02:31,295 INFO  - *****************************************************
2023-09-11 12:02:31,295 INFO  - *************** Verify Create Repo API *******************
2023-09-11 12:02:31,295 INFO  - *****************************************************
2023-09-11 12:07:46,784 INFO  - *****************************************************
2023-09-11 12:07:46,785 INFO  - *************** Verify Create Repo API *******************
2023-09-11 12:07:46,785 INFO  - *****************************************************
2023-09-11 12:07:46,833 INFO  - *****************************************************
2023-09-11 12:07:46,833 INFO  - *************** Verify Create Repo API *******************
2023-09-11 12:07:46,833 INFO  - *****************************************************
2023-09-11 12:11:14,479 INFO  - *****************************************************
2023-09-11 12:11:14,480 INFO  - *************** Verify Create Repo API *******************
2023-09-11 12:11:14,480 INFO  - *****************************************************
2023-09-11 12:11:14,531 INFO  - *****************************************************
2023-09-11 12:11:14,531 INFO  - *************** Verify Create Repo API *******************
2023-09-11 12:11:14,532 INFO  - *****************************************************
2023-09-11 12:20:16,592 INFO  - *****************************************************
2023-09-11 12:20:16,592 INFO  - *************** Verify Create Repo API *******************
2023-09-11 12:20:16,592 INFO  - *****************************************************
2023-09-11 12:20:17,013 INFO  - Post Request URI is - https://api.github.com
2023-09-11 12:20:17,017 INFO  - Resource Path is - /user/repos
2023-09-11 12:20:17,018 INFO  - Request Payload is - {
  "name" : "<name>",
  "description" : "<description>",
  "id" : null
}
2023-09-11 12:20:20,683 INFO  - Response of Post Request is - {"id":689907900,"node_id":"R_kgDOKR8ovA","name":"-name-","full_name":"parmarahul11/-name-","private":false,"owner":{"login":"parmarahul11","id":143310260,"node_id":"U_kgDOCIq9tA","avatar_url":"https://avatars.githubusercontent.com/u/143310260?v=4","gravatar_id":"","url":"https://api.github.com/users/parmarahul11","html_url":"https://github.com/parmarahul11","followers_url":"https://api.github.com/users/parmarahul11/followers","following_url":"https://api.github.com/users/parmarahul11/following{/other_user}","gists_url":"https://api.github.com/users/parmarahul11/gists{/gist_id}","starred_url":"https://api.github.com/users/parmarahul11/starred{/owner}{/repo}","subscriptions_url":"https://api.github.com/users/parmarahul11/subscriptions","organizations_url":"https://api.github.com/users/parmarahul11/orgs","repos_url":"https://api.github.com/users/parmarahul11/repos","events_url":"https://api.github.com/users/parmarahul11/events{/privacy}","received_events_url":"https://api.github.com/users/parmarahul11/received_events","type":"User","site_admin":false},"html_url":"https://github.com/parmarahul11/-name-","description":"<description>","fork":false,"url":"https://api.github.com/repos/parmarahul11/-name-","forks_url":"https://api.github.com/repos/parmarahul11/-name-/forks","keys_url":"https://api.github.com/repos/parmarahul11/-name-/keys{/key_id}","collaborators_url":"https://api.github.com/repos/parmarahul11/-name-/collaborators{/collaborator}","teams_url":"https://api.github.com/repos/parmarahul11/-name-/teams","hooks_url":"https://api.github.com/repos/parmarahul11/-name-/hooks","issue_events_url":"https://api.github.com/repos/parmarahul11/-name-/issues/events{/number}","events_url":"https://api.github.com/repos/parmarahul11/-name-/events","assignees_url":"https://api.github.com/repos/parmarahul11/-name-/assignees{/user}","branches_url":"https://api.github.com/repos/parmarahul11/-name-/branches{/branch}","tags_url":"https://api.github.com/repos/parmarahul11/-name-/tags","blobs_url":"https://api.github.com/repos/parmarahul11/-name-/git/blobs{/sha}","git_tags_url":"https://api.github.com/repos/parmarahul11/-name-/git/tags{/sha}","git_refs_url":"https://api.github.com/repos/parmarahul11/-name-/git/refs{/sha}","trees_url":"https://api.github.com/repos/parmarahul11/-name-/git/trees{/sha}","statuses_url":"https://api.github.com/repos/parmarahul11/-name-/statuses/{sha}","languages_url":"https://api.github.com/repos/parmarahul11/-name-/languages","stargazers_url":"https://api.github.com/repos/parmarahul11/-name-/stargazers","contributors_url":"https://api.github.com/repos/parmarahul11/-name-/contributors","subscribers_url":"https://api.github.com/repos/parmarahul11/-name-/subscribers","subscription_url":"https://api.github.com/repos/parmarahul11/-name-/subscription","commits_url":"https://api.github.com/repos/parmarahul11/-name-/commits{/sha}","git_commits_url":"https://api.github.com/repos/parmarahul11/-name-/git/commits{/sha}","comments_url":"https://api.github.com/repos/parmarahul11/-name-/comments{/number}","issue_comment_url":"https://api.github.com/repos/parmarahul11/-name-/issues/comments{/number}","contents_url":"https://api.github.com/repos/parmarahul11/-name-/contents/{+path}","compare_url":"https://api.github.com/repos/parmarahul11/-name-/compare/{base}...{head}","merges_url":"https://api.github.com/repos/parmarahul11/-name-/merges","archive_url":"https://api.github.com/repos/parmarahul11/-name-/{archive_format}{/ref}","downloads_url":"https://api.github.com/repos/parmarahul11/-name-/downloads","issues_url":"https://api.github.com/repos/parmarahul11/-name-/issues{/number}","pulls_url":"https://api.github.com/repos/parmarahul11/-name-/pulls{/number}","milestones_url":"https://api.github.com/repos/parmarahul11/-name-/milestones{/number}","notifications_url":"https://api.github.com/repos/parmarahul11/-name-/notifications{?since,all,participating}","labels_url":"https://api.github.com/repos/parmarahul11/-name-/labels{/name}","releases_url":"https://api.github.com/repos/parmarahul11/-name-/releases{/id}","deployments_url":"https://api.github.com/repos/parmarahul11/-name-/deployments","created_at":"2023-09-11T06:50:21Z","updated_at":"2023-09-11T06:50:21Z","pushed_at":"2023-09-11T06:50:21Z","git_url":"git://github.com/parmarahul11/-name-.git","ssh_url":"git@github.com:parmarahul11/-name-.git","clone_url":"https://github.com/parmarahul11/-name-.git","svn_url":"https://github.com/parmarahul11/-name-","homepage":null,"size":0,"stargazers_count":0,"watchers_count":0,"language":null,"has_issues":true,"has_projects":true,"has_downloads":true,"has_wiki":true,"has_pages":false,"has_discussions":false,"forks_count":0,"mirror_url":null,"archived":false,"disabled":false,"open_issues_count":0,"license":null,"allow_forking":true,"is_template":false,"web_commit_signoff_required":false,"topics":[],"visibility":"public","forks":0,"open_issues":0,"watchers":0,"default_branch":"main","permissions":{"admin":true,"maintain":true,"push":true,"triage":true,"pull":true},"allow_squash_merge":true,"allow_merge_commit":true,"allow_rebase_merge":true,"allow_auto_merge":false,"delete_branch_on_merge":false,"allow_update_branch":false,"use_squash_pr_title_as_default":false,"squash_merge_commit_message":"COMMIT_MESSAGES","squash_merge_commit_title":"COMMIT_OR_PR_TITLE","merge_commit_message":"PR_TITLE","merge_commit_title":"MERGE_MESSAGE","network_count":0,"subscribers_count":1}
2023-09-11 12:20:20,693 INFO  - Status Code Varification is Done........
2023-09-11 12:20:21,689 INFO  - *****************************************************
2023-09-11 12:20:21,690 INFO  - *************** Verify Create Repo API *******************
2023-09-11 12:20:21,690 INFO  - *****************************************************
2023-09-11 12:20:21,695 INFO  - Delete function reponame - <name>
2023-09-11 12:20:21,695 INFO  - Delete Request URI is - https://api.github.com/repos/parmarahul11/<name>
2023-09-11 12:20:22,070 INFO  - Delete Request Response Code is - 404
2023-09-11 12:22:27,367 INFO  - *****************************************************
2023-09-11 12:22:27,368 INFO  - *************** Verify Create Repo API *******************
2023-09-11 12:22:27,368 INFO  - *****************************************************
2023-09-11 12:22:27,411 INFO  - *****************************************************
2023-09-11 12:22:27,411 INFO  - *************** Verify Create Repo API *******************
2023-09-11 12:22:27,412 INFO  - *****************************************************
2023-09-11 12:23:59,557 INFO  - *****************************************************
2023-09-11 12:23:59,557 INFO  - *************** Verify Create Repo API *******************
2023-09-11 12:23:59,558 INFO  - *****************************************************
2023-09-11 12:23:59,609 INFO  - *****************************************************
2023-09-11 12:23:59,611 INFO  - *************** Verify Create Repo API *******************
2023-09-11 12:23:59,611 INFO  - *****************************************************
2023-09-11 12:36:59,844 INFO  - *****************************************************
2023-09-11 12:36:59,845 INFO  - *************** Verify Create Repo API *******************
2023-09-11 12:36:59,845 INFO  - *****************************************************
2023-09-11 12:36:59,884 INFO  - *****************************************************
2023-09-11 12:36:59,884 INFO  - *************** Verify Create Repo API *******************
2023-09-11 12:36:59,884 INFO  - *****************************************************
2023-09-11 12:40:47,701 INFO  - *****************************************************
2023-09-11 12:40:47,702 INFO  - *************** Verify Create Repo API *******************
2023-09-11 12:40:47,703 INFO  - *****************************************************
2023-09-11 12:40:47,753 INFO  - *****************************************************
2023-09-11 12:40:47,756 INFO  - *************** Verify Create Repo API *******************
2023-09-11 12:40:47,756 INFO  - *****************************************************
2023-09-11 12:49:15,159 INFO  - *****************************************************
2023-09-11 12:49:15,160 INFO  - *************** Verify Create Repo API *******************
2023-09-11 12:49:15,160 INFO  - *****************************************************
2023-09-11 12:49:15,579 INFO  - Post Request URI is - https://api.github.com
2023-09-11 12:49:15,579 INFO  - Resource Path is - /user/repos
2023-09-11 12:49:15,579 INFO  - Request Payload is - {
  "name" : "<name>",
  "description" : "<description>",
  "id" : null
}
2023-09-11 12:49:19,187 INFO  - Response of Post Request is - {"id":689918516,"node_id":"R_kgDOKR9SNA","name":"-name-","full_name":"parmarahul11/-name-","private":false,"owner":{"login":"parmarahul11","id":143310260,"node_id":"U_kgDOCIq9tA","avatar_url":"https://avatars.githubusercontent.com/u/143310260?v=4","gravatar_id":"","url":"https://api.github.com/users/parmarahul11","html_url":"https://github.com/parmarahul11","followers_url":"https://api.github.com/users/parmarahul11/followers","following_url":"https://api.github.com/users/parmarahul11/following{/other_user}","gists_url":"https://api.github.com/users/parmarahul11/gists{/gist_id}","starred_url":"https://api.github.com/users/parmarahul11/starred{/owner}{/repo}","subscriptions_url":"https://api.github.com/users/parmarahul11/subscriptions","organizations_url":"https://api.github.com/users/parmarahul11/orgs","repos_url":"https://api.github.com/users/parmarahul11/repos","events_url":"https://api.github.com/users/parmarahul11/events{/privacy}","received_events_url":"https://api.github.com/users/parmarahul11/received_events","type":"User","site_admin":false},"html_url":"https://github.com/parmarahul11/-name-","description":"<description>","fork":false,"url":"https://api.github.com/repos/parmarahul11/-name-","forks_url":"https://api.github.com/repos/parmarahul11/-name-/forks","keys_url":"https://api.github.com/repos/parmarahul11/-name-/keys{/key_id}","collaborators_url":"https://api.github.com/repos/parmarahul11/-name-/collaborators{/collaborator}","teams_url":"https://api.github.com/repos/parmarahul11/-name-/teams","hooks_url":"https://api.github.com/repos/parmarahul11/-name-/hooks","issue_events_url":"https://api.github.com/repos/parmarahul11/-name-/issues/events{/number}","events_url":"https://api.github.com/repos/parmarahul11/-name-/events","assignees_url":"https://api.github.com/repos/parmarahul11/-name-/assignees{/user}","branches_url":"https://api.github.com/repos/parmarahul11/-name-/branches{/branch}","tags_url":"https://api.github.com/repos/parmarahul11/-name-/tags","blobs_url":"https://api.github.com/repos/parmarahul11/-name-/git/blobs{/sha}","git_tags_url":"https://api.github.com/repos/parmarahul11/-name-/git/tags{/sha}","git_refs_url":"https://api.github.com/repos/parmarahul11/-name-/git/refs{/sha}","trees_url":"https://api.github.com/repos/parmarahul11/-name-/git/trees{/sha}","statuses_url":"https://api.github.com/repos/parmarahul11/-name-/statuses/{sha}","languages_url":"https://api.github.com/repos/parmarahul11/-name-/languages","stargazers_url":"https://api.github.com/repos/parmarahul11/-name-/stargazers","contributors_url":"https://api.github.com/repos/parmarahul11/-name-/contributors","subscribers_url":"https://api.github.com/repos/parmarahul11/-name-/subscribers","subscription_url":"https://api.github.com/repos/parmarahul11/-name-/subscription","commits_url":"https://api.github.com/repos/parmarahul11/-name-/commits{/sha}","git_commits_url":"https://api.github.com/repos/parmarahul11/-name-/git/commits{/sha}","comments_url":"https://api.github.com/repos/parmarahul11/-name-/comments{/number}","issue_comment_url":"https://api.github.com/repos/parmarahul11/-name-/issues/comments{/number}","contents_url":"https://api.github.com/repos/parmarahul11/-name-/contents/{+path}","compare_url":"https://api.github.com/repos/parmarahul11/-name-/compare/{base}...{head}","merges_url":"https://api.github.com/repos/parmarahul11/-name-/merges","archive_url":"https://api.github.com/repos/parmarahul11/-name-/{archive_format}{/ref}","downloads_url":"https://api.github.com/repos/parmarahul11/-name-/downloads","issues_url":"https://api.github.com/repos/parmarahul11/-name-/issues{/number}","pulls_url":"https://api.github.com/repos/parmarahul11/-name-/pulls{/number}","milestones_url":"https://api.github.com/repos/parmarahul11/-name-/milestones{/number}","notifications_url":"https://api.github.com/repos/parmarahul11/-name-/notifications{?since,all,participating}","labels_url":"https://api.github.com/repos/parmarahul11/-name-/labels{/name}","releases_url":"https://api.github.com/repos/parmarahul11/-name-/releases{/id}","deployments_url":"https://api.github.com/repos/parmarahul11/-name-/deployments","created_at":"2023-09-11T07:19:19Z","updated_at":"2023-09-11T07:19:20Z","pushed_at":"2023-09-11T07:19:19Z","git_url":"git://github.com/parmarahul11/-name-.git","ssh_url":"git@github.com:parmarahul11/-name-.git","clone_url":"https://github.com/parmarahul11/-name-.git","svn_url":"https://github.com/parmarahul11/-name-","homepage":null,"size":0,"stargazers_count":0,"watchers_count":0,"language":null,"has_issues":true,"has_projects":true,"has_downloads":true,"has_wiki":true,"has_pages":false,"has_discussions":false,"forks_count":0,"mirror_url":null,"archived":false,"disabled":false,"open_issues_count":0,"license":null,"allow_forking":true,"is_template":false,"web_commit_signoff_required":false,"topics":[],"visibility":"public","forks":0,"open_issues":0,"watchers":0,"default_branch":"main","permissions":{"admin":true,"maintain":true,"push":true,"triage":true,"pull":true},"allow_squash_merge":true,"allow_merge_commit":true,"allow_rebase_merge":true,"allow_auto_merge":false,"delete_branch_on_merge":false,"allow_update_branch":false,"use_squash_pr_title_as_default":false,"squash_merge_commit_message":"COMMIT_MESSAGES","squash_merge_commit_title":"COMMIT_OR_PR_TITLE","merge_commit_message":"PR_TITLE","merge_commit_title":"MERGE_MESSAGE","network_count":0,"subscribers_count":1}
2023-09-11 12:49:19,198 INFO  - Status Code Varification is Done........
2023-09-11 12:49:20,168 INFO  - *****************************************************
2023-09-11 12:49:20,170 INFO  - *************** Verify Create Repo API *******************
2023-09-11 12:49:20,170 INFO  - *****************************************************
2023-09-11 12:49:20,174 INFO  - Delete function reponame - <name>
2023-09-11 12:49:20,175 INFO  - Delete Request URI is - https://api.github.com/repos/parmarahul11/<name>
2023-09-11 12:49:20,550 INFO  - Delete Request Response Code is - 404
2023-09-11 12:51:56,521 INFO  - *****************************************************
2023-09-11 12:51:56,521 INFO  - *************** Verify Create Repo API *******************
2023-09-11 12:51:56,522 INFO  - *****************************************************
2023-09-11 12:51:56,988 INFO  - Post Request URI is - https://api.github.com
2023-09-11 12:51:56,988 INFO  - Resource Path is - /user/repos
2023-09-11 12:51:56,988 INFO  - Request Payload is - {
  "name" : "API-Cucumber",
  "description" : "Cucumber RESTAssured",
  "id" : null
}
2023-09-11 12:52:00,404 INFO  - Response of Post Request is - {"id":689919477,"node_id":"R_kgDOKR9V9Q","name":"API-Cucumber","full_name":"parmarahul11/API-Cucumber","private":false,"owner":{"login":"parmarahul11","id":143310260,"node_id":"U_kgDOCIq9tA","avatar_url":"https://avatars.githubusercontent.com/u/143310260?v=4","gravatar_id":"","url":"https://api.github.com/users/parmarahul11","html_url":"https://github.com/parmarahul11","followers_url":"https://api.github.com/users/parmarahul11/followers","following_url":"https://api.github.com/users/parmarahul11/following{/other_user}","gists_url":"https://api.github.com/users/parmarahul11/gists{/gist_id}","starred_url":"https://api.github.com/users/parmarahul11/starred{/owner}{/repo}","subscriptions_url":"https://api.github.com/users/parmarahul11/subscriptions","organizations_url":"https://api.github.com/users/parmarahul11/orgs","repos_url":"https://api.github.com/users/parmarahul11/repos","events_url":"https://api.github.com/users/parmarahul11/events{/privacy}","received_events_url":"https://api.github.com/users/parmarahul11/received_events","type":"User","site_admin":false},"html_url":"https://github.com/parmarahul11/API-Cucumber","description":"Cucumber RESTAssured","fork":false,"url":"https://api.github.com/repos/parmarahul11/API-Cucumber","forks_url":"https://api.github.com/repos/parmarahul11/API-Cucumber/forks","keys_url":"https://api.github.com/repos/parmarahul11/API-Cucumber/keys{/key_id}","collaborators_url":"https://api.github.com/repos/parmarahul11/API-Cucumber/collaborators{/collaborator}","teams_url":"https://api.github.com/repos/parmarahul11/API-Cucumber/teams","hooks_url":"https://api.github.com/repos/parmarahul11/API-Cucumber/hooks","issue_events_url":"https://api.github.com/repos/parmarahul11/API-Cucumber/issues/events{/number}","events_url":"https://api.github.com/repos/parmarahul11/API-Cucumber/events","assignees_url":"https://api.github.com/repos/parmarahul11/API-Cucumber/assignees{/user}","branches_url":"https://api.github.com/repos/parmarahul11/API-Cucumber/branches{/branch}","tags_url":"https://api.github.com/repos/parmarahul11/API-Cucumber/tags","blobs_url":"https://api.github.com/repos/parmarahul11/API-Cucumber/git/blobs{/sha}","git_tags_url":"https://api.github.com/repos/parmarahul11/API-Cucumber/git/tags{/sha}","git_refs_url":"https://api.github.com/repos/parmarahul11/API-Cucumber/git/refs{/sha}","trees_url":"https://api.github.com/repos/parmarahul11/API-Cucumber/git/trees{/sha}","statuses_url":"https://api.github.com/repos/parmarahul11/API-Cucumber/statuses/{sha}","languages_url":"https://api.github.com/repos/parmarahul11/API-Cucumber/languages","stargazers_url":"https://api.github.com/repos/parmarahul11/API-Cucumber/stargazers","contributors_url":"https://api.github.com/repos/parmarahul11/API-Cucumber/contributors","subscribers_url":"https://api.github.com/repos/parmarahul11/API-Cucumber/subscribers","subscription_url":"https://api.github.com/repos/parmarahul11/API-Cucumber/subscription","commits_url":"https://api.github.com/repos/parmarahul11/API-Cucumber/commits{/sha}","git_commits_url":"https://api.github.com/repos/parmarahul11/API-Cucumber/git/commits{/sha}","comments_url":"https://api.github.com/repos/parmarahul11/API-Cucumber/comments{/number}","issue_comment_url":"https://api.github.com/repos/parmarahul11/API-Cucumber/issues/comments{/number}","contents_url":"https://api.github.com/repos/parmarahul11/API-Cucumber/contents/{+path}","compare_url":"https://api.github.com/repos/parmarahul11/API-Cucumber/compare/{base}...{head}","merges_url":"https://api.github.com/repos/parmarahul11/API-Cucumber/merges","archive_url":"https://api.github.com/repos/parmarahul11/API-Cucumber/{archive_format}{/ref}","downloads_url":"https://api.github.com/repos/parmarahul11/API-Cucumber/downloads","issues_url":"https://api.github.com/repos/parmarahul11/API-Cucumber/issues{/number}","pulls_url":"https://api.github.com/repos/parmarahul11/API-Cucumber/pulls{/number}","milestones_url":"https://api.github.com/repos/parmarahul11/API-Cucumber/milestones{/number}","notifications_url":"https://api.github.com/repos/parmarahul11/API-Cucumber/notifications{?since,all,participating}","labels_url":"https://api.github.com/repos/parmarahul11/API-Cucumber/labels{/name}","releases_url":"https://api.github.com/repos/parmarahul11/API-Cucumber/releases{/id}","deployments_url":"https://api.github.com/repos/parmarahul11/API-Cucumber/deployments","created_at":"2023-09-11T07:22:00Z","updated_at":"2023-09-11T07:22:01Z","pushed_at":"2023-09-11T07:22:01Z","git_url":"git://github.com/parmarahul11/API-Cucumber.git","ssh_url":"git@github.com:parmarahul11/API-Cucumber.git","clone_url":"https://github.com/parmarahul11/API-Cucumber.git","svn_url":"https://github.com/parmarahul11/API-Cucumber","homepage":null,"size":0,"stargazers_count":0,"watchers_count":0,"language":null,"has_issues":true,"has_projects":true,"has_downloads":true,"has_wiki":true,"has_pages":false,"has_discussions":false,"forks_count":0,"mirror_url":null,"archived":false,"disabled":false,"open_issues_count":0,"license":null,"allow_forking":true,"is_template":false,"web_commit_signoff_required":false,"topics":[],"visibility":"public","forks":0,"open_issues":0,"watchers":0,"default_branch":"main","permissions":{"admin":true,"maintain":true,"push":true,"triage":true,"pull":true},"allow_squash_merge":true,"allow_merge_commit":true,"allow_rebase_merge":true,"allow_auto_merge":false,"delete_branch_on_merge":false,"allow_update_branch":false,"use_squash_pr_title_as_default":false,"squash_merge_commit_message":"COMMIT_MESSAGES","squash_merge_commit_title":"COMMIT_OR_PR_TITLE","merge_commit_message":"PR_TITLE","merge_commit_title":"MERGE_MESSAGE","network_count":0,"subscribers_count":0}
2023-09-11 12:52:00,414 INFO  - Status Code Varification is Done........
2023-09-11 12:52:01,294 INFO  - Actual Repo Name is - API-Cucumber
2023-09-11 12:52:01,299 INFO  - Expected Repo Name is - API-Cucumber
2023-09-11 12:52:01,397 INFO  - *****************************************************
2023-09-11 12:52:01,397 INFO  - *************** Verify Create Repo API *******************
2023-09-11 12:52:01,398 INFO  - *****************************************************
2023-09-11 12:52:01,402 INFO  - Delete function reponame - API-Cucumber
2023-09-11 12:52:01,403 INFO  - Delete Request URI is - https://api.github.com/repos/parmarahul11/API-Cucumber
2023-09-11 12:52:02,031 INFO  - Delete Request Response Code is - 204
2023-09-11 12:52:02,033 INFO  - Status Code Varification is Done........
2023-09-11 12:52:02,034 INFO  - -----------XXXXXXXXXX---END---XXXXXXXXXX-----------
2023-09-11 12:52:02,035 INFO  - -------------------------X-------------------------
2023-09-11 12:53:25,468 INFO  - *****************************************************
2023-09-11 12:53:25,469 INFO  - *************** Verify Create Repo API *******************
2023-09-11 12:53:25,469 INFO  - *****************************************************
2023-09-11 12:53:25,922 INFO  - Post Request URI is - https://api.github.com
2023-09-11 12:53:25,922 INFO  - Resource Path is - /user/repos
2023-09-11 12:53:25,922 INFO  - Request Payload is - {
  "name" : "API-Cucumber",
  "description" : "Cucumber RESTAssured",
  "id" : null
}
2023-09-11 12:53:29,868 INFO  - Response of Post Request is - {"id":689919994,"node_id":"R_kgDOKR9X-g","name":"API-Cucumber","full_name":"parmarahul11/API-Cucumber","private":false,"owner":{"login":"parmarahul11","id":143310260,"node_id":"U_kgDOCIq9tA","avatar_url":"https://avatars.githubusercontent.com/u/143310260?v=4","gravatar_id":"","url":"https://api.github.com/users/parmarahul11","html_url":"https://github.com/parmarahul11","followers_url":"https://api.github.com/users/parmarahul11/followers","following_url":"https://api.github.com/users/parmarahul11/following{/other_user}","gists_url":"https://api.github.com/users/parmarahul11/gists{/gist_id}","starred_url":"https://api.github.com/users/parmarahul11/starred{/owner}{/repo}","subscriptions_url":"https://api.github.com/users/parmarahul11/subscriptions","organizations_url":"https://api.github.com/users/parmarahul11/orgs","repos_url":"https://api.github.com/users/parmarahul11/repos","events_url":"https://api.github.com/users/parmarahul11/events{/privacy}","received_events_url":"https://api.github.com/users/parmarahul11/received_events","type":"User","site_admin":false},"html_url":"https://github.com/parmarahul11/API-Cucumber","description":"Cucumber RESTAssured","fork":false,"url":"https://api.github.com/repos/parmarahul11/API-Cucumber","forks_url":"https://api.github.com/repos/parmarahul11/API-Cucumber/forks","keys_url":"https://api.github.com/repos/parmarahul11/API-Cucumber/keys{/key_id}","collaborators_url":"https://api.github.com/repos/parmarahul11/API-Cucumber/collaborators{/collaborator}","teams_url":"https://api.github.com/repos/parmarahul11/API-Cucumber/teams","hooks_url":"https://api.github.com/repos/parmarahul11/API-Cucumber/hooks","issue_events_url":"https://api.github.com/repos/parmarahul11/API-Cucumber/issues/events{/number}","events_url":"https://api.github.com/repos/parmarahul11/API-Cucumber/events","assignees_url":"https://api.github.com/repos/parmarahul11/API-Cucumber/assignees{/user}","branches_url":"https://api.github.com/repos/parmarahul11/API-Cucumber/branches{/branch}","tags_url":"https://api.github.com/repos/parmarahul11/API-Cucumber/tags","blobs_url":"https://api.github.com/repos/parmarahul11/API-Cucumber/git/blobs{/sha}","git_tags_url":"https://api.github.com/repos/parmarahul11/API-Cucumber/git/tags{/sha}","git_refs_url":"https://api.github.com/repos/parmarahul11/API-Cucumber/git/refs{/sha}","trees_url":"https://api.github.com/repos/parmarahul11/API-Cucumber/git/trees{/sha}","statuses_url":"https://api.github.com/repos/parmarahul11/API-Cucumber/statuses/{sha}","languages_url":"https://api.github.com/repos/parmarahul11/API-Cucumber/languages","stargazers_url":"https://api.github.com/repos/parmarahul11/API-Cucumber/stargazers","contributors_url":"https://api.github.com/repos/parmarahul11/API-Cucumber/contributors","subscribers_url":"https://api.github.com/repos/parmarahul11/API-Cucumber/subscribers","subscription_url":"https://api.github.com/repos/parmarahul11/API-Cucumber/subscription","commits_url":"https://api.github.com/repos/parmarahul11/API-Cucumber/commits{/sha}","git_commits_url":"https://api.github.com/repos/parmarahul11/API-Cucumber/git/commits{/sha}","comments_url":"https://api.github.com/repos/parmarahul11/API-Cucumber/comments{/number}","issue_comment_url":"https://api.github.com/repos/parmarahul11/API-Cucumber/issues/comments{/number}","contents_url":"https://api.github.com/repos/parmarahul11/API-Cucumber/contents/{+path}","compare_url":"https://api.github.com/repos/parmarahul11/API-Cucumber/compare/{base}...{head}","merges_url":"https://api.github.com/repos/parmarahul11/API-Cucumber/merges","archive_url":"https://api.github.com/repos/parmarahul11/API-Cucumber/{archive_format}{/ref}","downloads_url":"https://api.github.com/repos/parmarahul11/API-Cucumber/downloads","issues_url":"https://api.github.com/repos/parmarahul11/API-Cucumber/issues{/number}","pulls_url":"https://api.github.com/repos/parmarahul11/API-Cucumber/pulls{/number}","milestones_url":"https://api.github.com/repos/parmarahul11/API-Cucumber/milestones{/number}","notifications_url":"https://api.github.com/repos/parmarahul11/API-Cucumber/notifications{?since,all,participating}","labels_url":"https://api.github.com/repos/parmarahul11/API-Cucumber/labels{/name}","releases_url":"https://api.github.com/repos/parmarahul11/API-Cucumber/releases{/id}","deployments_url":"https://api.github.com/repos/parmarahul11/API-Cucumber/deployments","created_at":"2023-09-11T07:23:30Z","updated_at":"2023-09-11T07:23:30Z","pushed_at":"2023-09-11T07:23:30Z","git_url":"git://github.com/parmarahul11/API-Cucumber.git","ssh_url":"git@github.com:parmarahul11/API-Cucumber.git","clone_url":"https://github.com/parmarahul11/API-Cucumber.git","svn_url":"https://github.com/parmarahul11/API-Cucumber","homepage":null,"size":0,"stargazers_count":0,"watchers_count":0,"language":null,"has_issues":true,"has_projects":true,"has_downloads":true,"has_wiki":true,"has_pages":false,"has_discussions":false,"forks_count":0,"mirror_url":null,"archived":false,"disabled":false,"open_issues_count":0,"license":null,"allow_forking":true,"is_template":false,"web_commit_signoff_required":false,"topics":[],"visibility":"public","forks":0,"open_issues":0,"watchers":0,"default_branch":"main","permissions":{"admin":true,"maintain":true,"push":true,"triage":true,"pull":true},"allow_squash_merge":true,"allow_merge_commit":true,"allow_rebase_merge":true,"allow_auto_merge":false,"delete_branch_on_merge":false,"allow_update_branch":false,"use_squash_pr_title_as_default":false,"squash_merge_commit_message":"COMMIT_MESSAGES","squash_merge_commit_title":"COMMIT_OR_PR_TITLE","merge_commit_message":"PR_TITLE","merge_commit_title":"MERGE_MESSAGE","network_count":0,"subscribers_count":1}
2023-09-11 12:53:29,879 INFO  - Status Code Varification is Done........
2023-09-11 12:53:30,712 INFO  - Actual Repo Name is - API-Cucumber
2023-09-11 12:53:30,717 INFO  - Expected Repo Name is - API-Cucumber
2023-09-11 12:53:30,762 INFO  - Actual Repo Name is - Cucumber RESTAssured
2023-09-11 12:53:30,762 INFO  - Expected Repo Name is - Cucumber RESTAssured
2023-09-11 12:53:30,763 INFO  - -----------XXXXXXXXXX---END---XXXXXXXXXX-----------
2023-09-11 12:53:30,763 INFO  - -------------------------X-------------------------
2023-09-11 12:53:30,783 INFO  - *****************************************************
2023-09-11 12:53:30,785 INFO  - *************** Verify Create Repo API *******************
2023-09-11 12:53:30,785 INFO  - *****************************************************
2023-09-11 12:53:30,788 INFO  - Delete function reponame - API-Cucumber
2023-09-11 12:53:30,789 INFO  - Delete Request URI is - https://api.github.com/repos/parmarahul11/API-Cucumber
2023-09-11 12:53:31,348 INFO  - Delete Request Response Code is - 204
2023-09-11 12:53:31,350 INFO  - Status Code Varification is Done........
2023-09-11 12:53:31,351 INFO  - -----------XXXXXXXXXX---END---XXXXXXXXXX-----------
2023-09-11 12:53:31,352 INFO  - -------------------------X-------------------------
